<?xml version="1.0" encoding="UTF-8"?>
<!-- Generated by org.testng.reporters.JUnitReportReporter -->
<testsuite hostname="Sahil-Lng" failures="0" tests="1" name="BasicTest.Day3" time="0.002" errors="0" timestamp="2024-02-07T15:44:42 IST" skipped="0">
  <testcase classname="BasicTest.Day3" name="goldLoanApproved" time="0.002"/>
  <system-out/>
</testsuite> <!-- BasicTest.Day3 -->
