<?xml version="1.0" encoding="UTF-8"?>
<!-- Generated by org.testng.reporters.JUnitReportReporter -->
<testsuite hostname="Sahil-Lng" failures="0" tests="1" name="ProgramingConcept.Result" time="0.008" errors="0" timestamp="2024-02-08T11:33:58 IST" skipped="0">
  <testcase classname="ProgramingConcept.Result" name="calculationResult" time="0.008"/>
  <system-out/>
</testsuite> <!-- ProgramingConcept.Result -->
