<?xml version="1.0" encoding="UTF-8"?>
<!-- Generated by org.testng.reporters.JUnitReportReporter -->
<testsuite hostname="Sahil-Lng" failures="0" tests="7" name="BasicTest.Day2" time="0.009" errors="0" timestamp="2024-02-07T15:44:42 IST" skipped="0">
  <testcase classname="BasicTest.Day2" name="homeLoanRejection" time="0.000"/>
  <system-out/>
  <testcase classname="BasicTest.Day2" name="homeLoanRejection" time="0.001"/>
  <system-out/>
  <testcase classname="BasicTest.Day2" name="homeLoanApproved" time="0.001"/>
  <system-out/>
  <testcase classname="BasicTest.Day2" name="homeLoanRejection" time="0.002"/>
  <system-out/>
  <testcase classname="BasicTest.Day2" name="homeLoanApproved" time="0.002"/>
  <system-out/>
  <testcase classname="BasicTest.Day2" name="homeLoan" time="0.002"/>
  <system-out/>
  <testcase classname="BasicTest.Day2" name="homeLoanApproved" time="0.001"/>
  <system-out/>
</testsuite> <!-- BasicTest.Day2 -->
